Using pre-set license
Built from '2020.2/release' branch; Version is '2020.2.1f1 (270dd8c3da1c) revision 2559448'; Using compiler version '192528614'; Build Type 'Release'
OS: 'Windows 10  (10.0.0) 64bit' Language: 'fi' Physical Memory: 16271 MB
BatchMode: 1, IsHumanControllingUs: 0, StartBugReporterOnCrash: 0, Is64bit: 1, IsPro: 0

 COMMAND LINE ARGUMENTS:
C:\Program Files\Unity\Hub\Editor\2020.2.1f1\Editor\Unity.exe
-adb2
-batchMode
-noUpm
-name
AssetImportWorker0
-projectPath
C:/Games/SpotTheDifference3D
-logFile
Logs/AssetImportWorker0.log
-srvPort
57490
Successfully changed project path to: C:/Games/SpotTheDifference3D
C:/Games/SpotTheDifference3D
Using Asset Import Pipeline V2.
Refreshing native plugins compatible for Editor in 23.80 ms, found 0 plugins.
Preloading 0 native plugins for Editor in 0.00 ms.
Initialize engine version: 2020.2.1f1 (270dd8c3da1c)
[Subsystems] Discovering subsystems at path C:/Program Files/Unity/Hub/Editor/2020.2.1f1/Editor/Data/Resources/UnitySubsystems
[Subsystems] Discovering subsystems at path C:/Games/SpotTheDifference3D/Assets
GfxDevice: creating device client; threaded=0
Direct3D:
    Version:  Direct3D 11.0 [level 11.1]
    Renderer: NVIDIA GeForce GTX 1660 (ID=0x2184)
    Vendor:   
    VRAM:     5991 MB
    Driver:   27.21.14.5709
Initialize mono
Mono path[0] = 'C:/Program Files/Unity/Hub/Editor/2020.2.1f1/Editor/Data/Managed'
Mono path[1] = 'C:/Program Files/Unity/Hub/Editor/2020.2.1f1/Editor/Data/MonoBleedingEdge/lib/mono/unityjit'
Mono config path = 'C:/Program Files/Unity/Hub/Editor/2020.2.1f1/Editor/Data/MonoBleedingEdge/etc'
Using monoOptions --debugger-agent=transport=dt_socket,embedding=1,server=y,suspend=n,address=127.0.0.1:56076
Begin MonoManager ReloadAssembly
Registering precompiled unity dll's ...
Register platform support module: C:/Program Files/Unity/Hub/Editor/2020.2.1f1/Editor/Data/PlaybackEngines/WebGLSupport/UnityEditor.WebGL.Extensions.dll
Register platform support module: C:/Program Files/Unity/Hub/Editor/2020.2.1f1/Editor/Data/PlaybackEngines/WindowsStandaloneSupport/UnityEditor.WindowsStandalone.Extensions.dll
Registered in 0.002121 seconds.
Native extension for WindowsStandalone target not found
Native extension for WebGL target not found
Refreshing native plugins compatible for Editor in 30.57 ms, found 0 plugins.
Preloading 0 native plugins for Editor in 0.00 ms.
Invoked RoslynAnalysisRunner static constructor.
RoslynAnalysisRunner will not be running.
RoslynAnalysisRunner has terminated.
Mono: successfully reloaded assembly
- Completed reload, in  2.110 seconds
Platform modules already initialized, skipping
Registering precompiled user dll's ...
Registered in 0.000584 seconds.
Begin MonoManager ReloadAssembly
Native extension for WindowsStandalone target not found
Native extension for WebGL target not found
Refreshing native plugins compatible for Editor in 0.22 ms, found 0 plugins.
Preloading 0 native plugins for Editor in 0.00 ms.
Invoked RoslynAnalysisRunner static constructor.
RoslynAnalysisRunner will not be running.
RoslynAnalysisRunner has terminated.
Mono: successfully reloaded assembly
- Completed reload, in  0.814 seconds
Platform modules already initialized, skipping
========================================================================
Worker process is ready to serve import requests
Launched and connected shader compiler UnityShaderCompiler.exe after 0.04 seconds
Refreshing native plugins compatible for Editor in 0.35 ms, found 0 plugins.
Preloading 0 native plugins for Editor in 0.00 ms.
Unloading 1094 Unused Serialized files (Serialized files now loaded: 0)
System memory in use before: 56.6 MB.
System memory in use after: 56.6 MB.

Unloading 10 unused Assets to reduce memory usage. Loaded Objects now: 1535.
Total: 1.616300 ms (FindLiveObjects: 0.124300 ms CreateObjectMapping: 0.029100 ms MarkObjects: 1.398100 ms  DeleteObjects: 0.063800 ms)

========================================================================
Received Import Request.
  path: Assets/3d/WinterHouse.fbx
  artifactKey: Guid(2b165074c70da254f87a994be2e30296) Importer(815301076,1909f56bfc062723c751e8b465ee728b)
Start importing Assets/3d/WinterHouse.fbx using Guid(2b165074c70da254f87a994be2e30296) Importer(815301076,1909f56bfc062723c751e8b465ee728b)  -> (artifact id: '951265568b8484e0bf40866dee51a74e') in 0.261571 seconds
  Import took 0.264710 seconds .

========================================================================
Received Import Request.
  Time since last request: 12430.313765 seconds.
  path: Assets/3d/WinterHouse
  artifactKey: Guid(10d927c390a7dfd4690cb9bd1e39a63d) Importer(815301076,1909f56bfc062723c751e8b465ee728b)
Start importing Assets/3d/WinterHouse using Guid(10d927c390a7dfd4690cb9bd1e39a63d) Importer(815301076,1909f56bfc062723c751e8b465ee728b)  -> (artifact id: '8b652804f06d21119687403b7158810d') in 0.003102 seconds
  Import took 0.006481 seconds .

========================================================================
Received Import Request.
  Time since last request: 0.041623 seconds.
  path: Assets/3d/WinterHouse/WinterHouse.fbx
  artifactKey: Guid(79f41bd46af7d4f439cf1b7ea461e91b) Importer(815301076,1909f56bfc062723c751e8b465ee728b)
Start importing Assets/3d/WinterHouse/WinterHouse.fbx using Guid(79f41bd46af7d4f439cf1b7ea461e91b) Importer(815301076,1909f56bfc062723c751e8b465ee728b)  -> (artifact id: '92372ab96ca392d658ed11869ac6b1c3') in 0.065240 seconds
  Import took 0.067839 seconds .

========================================================================
Received Import Request.
  Time since last request: 38.647259 seconds.
  path: Assets/3d/WinterHouse/WinterHouse.fbx
  artifactKey: Guid(79f41bd46af7d4f439cf1b7ea461e91b) Importer(815301076,1909f56bfc062723c751e8b465ee728b)
Start importing Assets/3d/WinterHouse/WinterHouse.fbx using Guid(79f41bd46af7d4f439cf1b7ea461e91b) Importer(815301076,1909f56bfc062723c751e8b465ee728b)  -> (artifact id: '49a550eca66a01a15a09ff22d77651ae') in 1.160348 seconds
  Import took 1.290909 seconds .

========================================================================
Received Import Request.
  Time since last request: 257.014030 seconds.
  path: Assets/Materials
  artifactKey: Guid(2f4d5622f9db33348934b421d5d03a72) Importer(815301076,1909f56bfc062723c751e8b465ee728b)
Start importing Assets/Materials using Guid(2f4d5622f9db33348934b421d5d03a72) Importer(815301076,1909f56bfc062723c751e8b465ee728b)  -> (artifact id: '5d262799ba19c284cc9d37ac84dd1bb4') in 0.006276 seconds
  Import took 0.009661 seconds .

========================================================================
Received Import Request.
  Time since last request: 17.648110 seconds.
  path: Assets/New Lighting Settings.lighting
  artifactKey: Guid(e9cf95ff47d84694097761a0385b897f) Importer(815301076,1909f56bfc062723c751e8b465ee728b)
Start importing Assets/New Lighting Settings.lighting using Guid(e9cf95ff47d84694097761a0385b897f) Importer(815301076,1909f56bfc062723c751e8b465ee728b) LightingSettings: switching bake backend from 1 to 2.
 -> (artifact id: '3dfb9b271d5896c51907d8107070e40c') in 0.011645 seconds
  Import took 0.014914 seconds .

========================================================================
Received Import Request.
  Time since last request: 368.969786 seconds.
  path: Assets/Materials/TreeTop.mat
  artifactKey: Guid(c80bd6a1dc23df84fbf26dbe6196ca87) Importer(815301076,1909f56bfc062723c751e8b465ee728b)
Start importing Assets/Materials/TreeTop.mat using Guid(c80bd6a1dc23df84fbf26dbe6196ca87) Importer(815301076,1909f56bfc062723c751e8b465ee728b)  -> (artifact id: 'ccd109dde2ba35cf67e225083f21d7b2') in 0.019928 seconds
  Import took 0.022804 seconds .

========================================================================
Received Import Request.
  Time since last request: 57.669059 seconds.
  path: Assets/Materials/TreeTrunk.mat
  artifactKey: Guid(5adc5e097b760f64b84c8803a5d8f954) Importer(815301076,1909f56bfc062723c751e8b465ee728b)
Start importing Assets/Materials/TreeTrunk.mat using Guid(5adc5e097b760f64b84c8803a5d8f954) Importer(815301076,1909f56bfc062723c751e8b465ee728b)  -> (artifact id: '12c0fcbb3ae20cb0cd75478a3aa91fd4') in 0.011645 seconds
  Import took 0.013697 seconds .

========================================================================
Received Import Request.
  Time since last request: 441.798942 seconds.
  path: Assets/Materials/BlueLight.mat
  artifactKey: Guid(531531b69455c4a498e2c656abba27ec) Importer(815301076,1909f56bfc062723c751e8b465ee728b)
Start importing Assets/Materials/BlueLight.mat using Guid(531531b69455c4a498e2c656abba27ec) Importer(815301076,1909f56bfc062723c751e8b465ee728b)  -> (artifact id: '402e207a59e11a374f627cbd0bae7c63') in 0.016841 seconds
  Import took 0.019783 seconds .

========================================================================
Received Import Request.
  Time since last request: 0.000183 seconds.
  path: Assets/Materials/TreeTop.mat
  artifactKey: Guid(c80bd6a1dc23df84fbf26dbe6196ca87) Importer(815301076,1909f56bfc062723c751e8b465ee728b)
Start importing Assets/Materials/TreeTop.mat using Guid(c80bd6a1dc23df84fbf26dbe6196ca87) Importer(815301076,1909f56bfc062723c751e8b465ee728b)  -> (artifact id: '47658dacd5ccbe3336d675046555c082') in 0.011776 seconds
  Import took 0.013505 seconds .

========================================================================
Received Import Request.
  Time since last request: 0.000162 seconds.
  path: Assets/Materials/OrangeLight.mat
  artifactKey: Guid(6cd62f6c4adc2784889da23d62515e20) Importer(815301076,1909f56bfc062723c751e8b465ee728b)
Start importing Assets/Materials/OrangeLight.mat using Guid(6cd62f6c4adc2784889da23d62515e20) Importer(815301076,1909f56bfc062723c751e8b465ee728b)  -> (artifact id: '956602fdf964c5c878729ee7aae52204') in 0.013546 seconds
  Import took 0.015242 seconds .

========================================================================
Received Import Request.
  Time since last request: 0.000183 seconds.
  path: Assets/Materials/TreeTrunk.mat
  artifactKey: Guid(5adc5e097b760f64b84c8803a5d8f954) Importer(815301076,1909f56bfc062723c751e8b465ee728b)
Start importing Assets/Materials/TreeTrunk.mat using Guid(5adc5e097b760f64b84c8803a5d8f954) Importer(815301076,1909f56bfc062723c751e8b465ee728b)  -> (artifact id: 'e9806ec0ad3fb0a0e6d57bb43d03685e') in 0.011292 seconds
  Import took 0.014004 seconds .

========================================================================
Received Import Request.
  Time since last request: 98.844727 seconds.
  path: Assets/Scripts
  artifactKey: Guid(8a869f780dca1f84788548a7e84367ed) Importer(815301076,1909f56bfc062723c751e8b465ee728b)
Start importing Assets/Scripts using Guid(8a869f780dca1f84788548a7e84367ed) Importer(815301076,1909f56bfc062723c751e8b465ee728b)  -> (artifact id: 'd22da7ad78f52fc7bf2e05c8ada64c3a') in 0.006160 seconds
  Import took 0.008486 seconds .

========================================================================
Received Import Request.
  Time since last request: 8.920249 seconds.
  path: Assets/Scripts/CameraRotation.cs
  artifactKey: Guid(8cc6074f4abc81d48ba657e95ba0c91f) Importer(815301076,1909f56bfc062723c751e8b465ee728b)
Start importing Assets/Scripts/CameraRotation.cs using Guid(8cc6074f4abc81d48ba657e95ba0c91f) Importer(815301076,1909f56bfc062723c751e8b465ee728b)  -> (artifact id: '084593280a127c42b227f119b2560b62') in 0.077148 seconds
  Import took 0.079937 seconds .

========================================================================
Received Prepare
Registering precompiled user dll's ...
Registered in 0.000641 seconds.
Begin MonoManager ReloadAssembly
Native extension for WindowsStandalone target not found
Native extension for WebGL target not found
Refreshing native plugins compatible for Editor in 0.25 ms, found 0 plugins.
Preloading 0 native plugins for Editor in 0.00 ms.
Invoked RoslynAnalysisRunner static constructor.
RoslynAnalysisRunner will not be running.
RoslynAnalysisRunner has terminated.
Mono: successfully reloaded assembly
- Completed reload, in  0.784 seconds
Platform modules already initialized, skipping
Refreshing native plugins compatible for Editor in 0.24 ms, found 0 plugins.
Preloading 0 native plugins for Editor in 0.00 ms.
Unloading 1090 Unused Serialized files (Serialized files now loaded: 0)
System memory in use before: 60.4 MB.
System memory in use after: 60.4 MB.

Unloading 5 unused Assets to reduce memory usage. Loaded Objects now: 1581.
Total: 1.542200 ms (FindLiveObjects: 0.136700 ms CreateObjectMapping: 0.028300 ms MarkObjects: 1.333800 ms  DeleteObjects: 0.042500 ms)

========================================================================
Received Prepare
Registering precompiled user dll's ...
Registered in 0.000593 seconds.
Begin MonoManager ReloadAssembly
Native extension for WindowsStandalone target not found
Native extension for WebGL target not found
Refreshing native plugins compatible for Editor in 0.22 ms, found 0 plugins.
Preloading 0 native plugins for Editor in 0.00 ms.
Invoked RoslynAnalysisRunner static constructor.
RoslynAnalysisRunner will not be running.
RoslynAnalysisRunner has terminated.
Mono: successfully reloaded assembly
- Completed reload, in  0.739 seconds
Platform modules already initialized, skipping
Refreshing native plugins compatible for Editor in 0.21 ms, found 0 plugins.
Preloading 0 native plugins for Editor in 0.00 ms.
Unloading 1090 Unused Serialized files (Serialized files now loaded: 0)
System memory in use before: 60.6 MB.
System memory in use after: 60.7 MB.

Unloading 5 unused Assets to reduce memory usage. Loaded Objects now: 1583.
Total: 1.468500 ms (FindLiveObjects: 0.123800 ms CreateObjectMapping: 0.027800 ms MarkObjects: 1.275100 ms  DeleteObjects: 0.040900 ms)

========================================================================
Received Import Request.
  Time since last request: 125.264608 seconds.
  path: Assets/Scripts/CameraRotation.cs
  artifactKey: Guid(8cc6074f4abc81d48ba657e95ba0c91f) Importer(815301076,1909f56bfc062723c751e8b465ee728b)
Start importing Assets/Scripts/CameraRotation.cs using Guid(8cc6074f4abc81d48ba657e95ba0c91f) Importer(815301076,1909f56bfc062723c751e8b465ee728b)  -> (artifact id: '54fc3e5c8dcbcc46219e78c3d2d37547') in 0.004426 seconds
  Import took 0.007385 seconds .

========================================================================
Received Prepare
Registering precompiled user dll's ...
Registered in 0.000643 seconds.
Begin MonoManager ReloadAssembly
Native extension for WindowsStandalone target not found
Native extension for WebGL target not found
Refreshing native plugins compatible for Editor in 0.21 ms, found 0 plugins.
Preloading 0 native plugins for Editor in 0.00 ms.
Invoked RoslynAnalysisRunner static constructor.
RoslynAnalysisRunner will not be running.
RoslynAnalysisRunner has terminated.
Mono: successfully reloaded assembly
- Completed reload, in  0.736 seconds
Platform modules already initialized, skipping
Refreshing native plugins compatible for Editor in 0.21 ms, found 0 plugins.
Preloading 0 native plugins for Editor in 0.00 ms.
Unloading 1090 Unused Serialized files (Serialized files now loaded: 0)
System memory in use before: 60.9 MB.
System memory in use after: 61.0 MB.

Unloading 5 unused Assets to reduce memory usage. Loaded Objects now: 1585.
Total: 1.476500 ms (FindLiveObjects: 0.126000 ms CreateObjectMapping: 0.027200 ms MarkObjects: 1.281900 ms  DeleteObjects: 0.040700 ms)

========================================================================
Received Prepare
Registering precompiled user dll's ...
Registered in 0.000608 seconds.
Begin MonoManager ReloadAssembly
Native extension for WindowsStandalone target not found
Native extension for WebGL target not found
Refreshing native plugins compatible for Editor in 0.24 ms, found 0 plugins.
Preloading 0 native plugins for Editor in 0.00 ms.
Invoked RoslynAnalysisRunner static constructor.
RoslynAnalysisRunner will not be running.
RoslynAnalysisRunner has terminated.
Mono: successfully reloaded assembly
- Completed reload, in  0.726 seconds
Platform modules already initialized, skipping
Refreshing native plugins compatible for Editor in 0.23 ms, found 0 plugins.
Preloading 0 native plugins for Editor in 0.00 ms.
Unloading 1090 Unused Serialized files (Serialized files now loaded: 0)
System memory in use before: 61.0 MB.
System memory in use after: 61.1 MB.

Unloading 5 unused Assets to reduce memory usage. Loaded Objects now: 1587.
Total: 1.479800 ms (FindLiveObjects: 0.132100 ms CreateObjectMapping: 0.027000 ms MarkObjects: 1.279900 ms  DeleteObjects: 0.039800 ms)

========================================================================
Received Prepare
Registering precompiled user dll's ...
Registered in 0.002980 seconds.
Begin MonoManager ReloadAssembly
Native extension for WindowsStandalone target not found
Native extension for WebGL target not found
Refreshing native plugins compatible for Editor in 0.23 ms, found 0 plugins.
Preloading 0 native plugins for Editor in 0.00 ms.
Invoked RoslynAnalysisRunner static constructor.
RoslynAnalysisRunner will not be running.
RoslynAnalysisRunner has terminated.
Mono: successfully reloaded assembly
- Completed reload, in  0.814 seconds
Platform modules already initialized, skipping
Refreshing native plugins compatible for Editor in 0.22 ms, found 0 plugins.
Preloading 0 native plugins for Editor in 0.00 ms.
Unloading 1090 Unused Serialized files (Serialized files now loaded: 0)
System memory in use before: 61.3 MB.
System memory in use after: 61.4 MB.

Unloading 5 unused Assets to reduce memory usage. Loaded Objects now: 1589.
Total: 1.490900 ms (FindLiveObjects: 0.125500 ms CreateObjectMapping: 0.027300 ms MarkObjects: 1.295900 ms  DeleteObjects: 0.041200 ms)

========================================================================
Received Prepare
Registering precompiled user dll's ...
Registered in 0.000660 seconds.
Begin MonoManager ReloadAssembly
Native extension for WindowsStandalone target not found
Native extension for WebGL target not found
Refreshing native plugins compatible for Editor in 0.22 ms, found 0 plugins.
Preloading 0 native plugins for Editor in 0.00 ms.
Invoked RoslynAnalysisRunner static constructor.
RoslynAnalysisRunner will not be running.
RoslynAnalysisRunner has terminated.
Mono: successfully reloaded assembly
- Completed reload, in  0.762 seconds
Platform modules already initialized, skipping
Refreshing native plugins compatible for Editor in 0.23 ms, found 0 plugins.
Preloading 0 native plugins for Editor in 0.00 ms.
Unloading 1090 Unused Serialized files (Serialized files now loaded: 0)
System memory in use before: 61.6 MB.
System memory in use after: 61.6 MB.

Unloading 5 unused Assets to reduce memory usage. Loaded Objects now: 1591.
Total: 1.563500 ms (FindLiveObjects: 0.130700 ms CreateObjectMapping: 0.027700 ms MarkObjects: 1.361500 ms  DeleteObjects: 0.042700 ms)

